<?xml version="1.0" encoding="UTF-8"?>
<!-- Generated by org.testng.reporters.JUnitXMLReporter -->
<testsuite hostname="DESKTOP-MBD2ILJ" ignored="0" name="Default test" tests="4" failures="0" timestamp="2020-04-23T23:03:51 IST" time="21.227" errors="0">
  <testcase name="canTestGooglePageIsOpened" time="2.735" classname="com.google.testcases.GoogleTest"/>
  <testcase name="canExtractDoogleTextFromImageLink" time="0.034" classname="com.google.testcases.GoogleTest"/>
  <testcase name="canSearchTextInGoogle" time="1.835" classname="com.google.testcases.GoogleTest"/>
  <testcase name="canClickOn3rdLink" time="5.446" classname="com.google.testcases.GoogleTest"/>
</testsuite> <!-- Default test -->
